<?xml version="1.0" encoding="UTF-8"?>
<testsuite xmlns:xsi="http://www.w3.org/2001/XMLSchema-instance" xsi:noNamespaceSchemaLocation="https://maven.apache.org/surefire/maven-surefire-plugin/xsd/surefire-test-report.xsd" name="TestSuite" time="40.409" tests="4" errors="0" skipped="0" failures="3">
  <properties>
[...]
</properties>
  <testcase name="runScenario" classname="runner.TestRunner" time="16.81"/>
  <testcase name="runScenario" classname="runner.TestRunner" time="15.908">
    <failure message="chrome not reachable&#10;  (Session info: chrome=103.0.5060.134)&#10;Build info: version: &apos;3.5.3&apos;, revision: &apos;a88d25fe6b&apos;, time: &apos;2017-08-29T12:42:44.417Z&apos;&#10;System info: host: &apos;DESKTOP-D5OBL1K&apos;, ip: &apos;192.168.1.162&apos;, os.name: &apos;Windows 10&apos;, os.arch: &apos;amd64&apos;, os.version: &apos;10.0&apos;, java.version: &apos;17.0.1&apos;&#10;Driver info: org.openqa.selenium.chrome.ChromeDriver&#10;Capabilities [{networkConnectionEnabled=false, chrome={chromedriverVersion=103.0.5060.53 (a1711811edd74ff1cf2150f36ffa3b0dae40b17f-refs/branch-heads/5060@{#853}), userDataDir=C:\Users\anilc\AppData\Local\Temp\scoped_dir21548_177212209}, timeouts={implicit=0, pageLoad=300000, script=30000}, pageLoadStrategy=normal, unhandledPromptBehavior=dismiss and notify, strictFileInteractability=false, platform=XP, proxy=Proxy(), goog:chromeOptions={debuggerAddress=localhost:57469}, webauthn:extension:credBlob=true, acceptInsecureCerts=false, browserVersion=103.0.5060.134, browserName=chrome, javascriptEnabled=true, platformName=XP, setWindowRect=true, webauthn:extension:largeBlob=true, webauthn:virtualAuthenticators=true}]&#10;Session ID: c5f604c6cae5287a4f9fed8c58b59cb1" type="org.openqa.selenium.WebDriverException">org.openqa.selenium.WebDriverException: 
chrome not reachable
  (Session info: chrome=103.0.5060.134)
Build info: version: '3.5.3', revision: 'a88d25fe6b', time: '2017-08-29T12:42:44.417Z'
System info: host: 'DESKTOP-D5OBL1K', ip: '192.168.1.162', os.name: 'Windows 10', os.arch: 'amd64', os.version: '10.0', java.version: '17.0.1'
Driver info: org.openqa.selenium.chrome.ChromeDriver
Capabilities [{networkConnectionEnabled=false, chrome={chromedriverVersion=103.0.5060.53 (a1711811edd74ff1cf2150f36ffa3b0dae40b17f-refs/branch-heads/5060@{#853}), userDataDir=C:\Users\anilc\AppData\Local\Temp\scoped_dir21548_177212209}, timeouts={implicit=0, pageLoad=300000, script=30000}, pageLoadStrategy=normal, unhandledPromptBehavior=dismiss and notify, strictFileInteractability=false, platform=XP, proxy=Proxy(), goog:chromeOptions={debuggerAddress=localhost:57469}, webauthn:extension:credBlob=true, acceptInsecureCerts=false, browserVersion=103.0.5060.134, browserName=chrome, javascriptEnabled=true, platformName=XP, setWindowRect=true, webauthn:extension:largeBlob=true, webauthn:virtualAuthenticators=true}]
Session ID: c5f604c6cae5287a4f9fed8c58b59cb1
</failure>
    <system-out><![CDATA[
Scenario Outline: Book one way flight for the user from Ahemdabad to Chennai                                                                                  &amp#27;[90m# src/test/java/features/FlightBooking.feature:33&amp#27;[0m
Start of the Test Suite
Start of Test
  &amp#27;[32mGiven &amp#27;[0m&amp#27;[32mUser launches website successfully for one way trip&amp#27;[0m                                                                                                   &amp#27;[90m# stepdefinition.FlightBookingStepDefinition.launchURL()&amp#27;[0m
The Trip type is Round-tripRound-trip
City selected is Ahmedabad, India 
(AMD)
Sardar Vallabhbhai Patel International Air...
IN
City selected is Chennai, India 
(MAA)
Chennai International Airport
IN
Date Day3Req Day 7
Date Day4Req Day 7
Date Day5Req Day 7
Date Day6Req Day 7
Date Day7Req Day 7
Date Day3Req Day 4
Date Day4Req Day 4
Date Day3Req Day 25
Date Day4Req Day 25
Date Day5Req Day 25
Date Day6Req Day 25
Date Day7Req Day 25
Date Day8Req Day 25
Date Day9Req Day 25
Date Day10Req Day 25
Date Day11Req Day 25
Date Day12Req Day 25
Date Day13Req Day 25
Date Day14Req Day 25
Date Day15Req Day 25
Date Day16Req Day 25
Date Day17Req Day 25
Date Day18Req Day 25
Date Day19Req Day 25
Date Day20Req Day 25
Date Day21Req Day 25
Date Day22Req Day 25
Date Day23Req Day 25
Date Day24Req Day 25
Date Day25Req Day 25
start date04-08-2022
start date + 22022-08-05
start date + 407-08-2022
system date2022-08-03
Number of Adults1
No of Children added is 0
No of Infants added is 0
Class Selection is Economy
  &amp#27;[32mWhen &amp#27;[0m&amp#27;[32mUser provides details for "&amp#27;[0m&amp#27;[32m&amp#27;[1mRound-trip&amp#27;[0m&amp#27;[32m" flight with "&amp#27;[0m&amp#27;[32m&amp#27;[1m04-08-2022&amp#27;[0m&amp#27;[32m" and "&amp#27;[0m&amp#27;[32m&amp#27;[1m25-08-2022&amp#27;[0m&amp#27;[32m" from "&amp#27;[0m&amp#27;[32m&amp#27;[1mAhmedabad&amp#27;[0m&amp#27;[32m" to "&amp#27;[0m&amp#27;[32m&amp#27;[1mChennai&amp#27;[0m&amp#27;[32m" with class as "&amp#27;[0m&amp#27;[32m&amp#27;[1mEconomy&amp#27;[0m&amp#27;[32m" for "&amp#27;[0m&amp#27;[32m&amp#27;[1m1&amp#27;[0m&amp#27;[32m","&amp#27;[0m&amp#27;[32m&amp#27;[1m0&amp#27;[0m&amp#27;[32m","&amp#27;[0m&amp#27;[32m&amp#27;[1m0&amp#27;[0m&amp#27;[32m"&amp#27;[0m &amp#27;[90m# stepdefinition.FlightBookingStepDefinition.flightBookingTest(java.lang.String,java.lang.String,java.lang.String,java.lang.String,java.lang.String,java.lang.String,int,int,int)&amp#27;[0m
  &amp#27;[32mThen &amp#27;[0m&amp#27;[32mUser able to click on Search and get the list of flights available&amp#27;[0m                                                                                     &amp#27;[90m# stepdefinition.FlightBookingStepDefinition.searchflights()&amp#27;[0m
End of Test
      &amp#27;[31morg.openqa.selenium.WebDriverException: chrome not reachable
  (Session info: chrome=103.0.5060.134)
Build info: version: '3.5.3', revision: 'a88d25fe6b', time: '2017-08-29T12:42:44.417Z'
System info: host: 'DESKTOP-D5OBL1K', ip: '192.168.1.162', os.name: 'Windows 10', os.arch: 'amd64', os.version: '10.0', java.version: '17.0.1'
Driver info: org.openqa.selenium.chrome.ChromeDriver
Capabilities [{networkConnectionEnabled=false, chrome={chromedriverVersion=103.0.5060.53 (a1711811edd74ff1cf2150f36ffa3b0dae40b17f-refs/branch-heads/5060@{#853}), userDataDir=C:\Users\anilc\AppData\Local\Temp\scoped_dir21548_177212209}, timeouts={implicit=0, pageLoad=300000, script=30000}, pageLoadStrategy=normal, unhandledPromptBehavior=dismiss and notify, strictFileInteractability=false, platform=XP, proxy=Proxy(), goog:chromeOptions={debuggerAddress=localhost:57469}, webauthn:extension:credBlob=true, acceptInsecureCerts=false, browserVersion=103.0.5060.134, browserName=chrome, javascriptEnabled=true, platformName=XP, setWindowRect=true, webauthn:extension:largeBlob=true, webauthn:virtualAuthenticators=true}]
Session ID: c5f604c6cae5287a4f9fed8c58b59cb1
	at java.base/jdk.internal.reflect.NativeConstructorAccessorImpl.newInstance0(Native Method)
	at java.base/jdk.internal.reflect.NativeConstructorAccessorImpl.newInstance(NativeConstructorAccessorImpl.java:77)
	at java.base/jdk.internal.reflect.DelegatingConstructorAccessorImpl.newInstance(DelegatingConstructorAccessorImpl.java:45)
	at java.base/java.lang.reflect.Constructor.newInstanceWithCaller(Constructor.java:499)
	at java.base/java.lang.reflect.Constructor.newInstance(Constructor.java:480)
	at org.openqa.selenium.remote.http.W3CHttpResponseCodec.createException(W3CHttpResponseCodec.java:185)
	at org.openqa.selenium.remote.http.W3CHttpResponseCodec.decode(W3CHttpResponseCodec.java:120)
	at org.openqa.selenium.remote.http.W3CHttpResponseCodec.decode(W3CHttpResponseCodec.java:49)
	at org.openqa.selenium.remote.HttpCommandExecutor.execute(HttpCommandExecutor.java:164)
	at org.openqa.selenium.remote.service.DriverCommandExecutor.execute(DriverCommandExecutor.java:82)
	at org.openqa.selenium.remote.RemoteWebDriver.execute(RemoteWebDriver.java:646)
	at org.openqa.selenium.remote.RemoteWebDriver.execute(RemoteWebDriver.java:703)
	at org.openqa.selenium.remote.RemoteWebDriver.close(RemoteWebDriver.java:532)
	at commonutilities.BaseTest.closeAll(BaseTest.java:56)
	at stepdefinition.FlightBookingStepDefinition.cleanup(FlightBookingStepDefinition.java:92)
&amp#27;[0m
]]></system-out>
    <system-err><![CDATA[Starting ChromeDriver 103.0.5060.53 (a1711811edd74ff1cf2150f36ffa3b0dae40b17f-refs/branch-heads/5060@{#853}) on port 3130
Only local connections are allowed.
Please see https://chromedriver.chromium.org/security-considerations for suggestions on keeping ChromeDriver safe.
ChromeDriver was started successfully.
Aug 03, 2022 3:06:23 PM org.openqa.selenium.remote.ProtocolHandshake createSession
INFO: Detected dialect: W3C
log4j:ERROR Could not find value for key log4j.appender.CONSOLE
log4j:ERROR Could not instantiate appender named "CONSOLE".
]]></system-err>
  </testcase>
  <testcase name="runScenario" classname="runner.TestRunner" time="3.792">
    <failure message="Cannot invoke &quot;String.contains(java.lang.CharSequence)&quot; because the return value of &quot;org.openqa.selenium.WebElement.getText()&quot; is null" type="java.lang.NullPointerException">java.lang.NullPointerException: Cannot invoke "String.contains(java.lang.CharSequence)" because the return value of "org.openqa.selenium.WebElement.getText()" is null
</failure>
    <system-out><![CDATA[
Scenario Outline: Book one way flight for the user from Ahemdabad to Chennai                                                                                    &amp#27;[90m# src/test/java/features/FlightBooking.feature:34&amp#27;[0m
Start of the Test Suite
Start of Test
  &amp#27;[32mGiven &amp#27;[0m&amp#27;[32mUser launches website successfully for one way trip&amp#27;[0m                                                                                                     &amp#27;[90m# stepdefinition.FlightBookingStepDefinition.launchURL()&amp#27;[0m
The Trip type is Round-tripRound-trip
City selected is Coimbatore, India 
(CJB)
Coimbatore Airport
IN
  &amp#27;[31mWhen &amp#27;[0m&amp#27;[31mUser provides details for "&amp#27;[0m&amp#27;[31m&amp#27;[1mRound-trip&amp#27;[0m&amp#27;[31m" flight with "&amp#27;[0m&amp#27;[31m&amp#27;[1m29-08-2022&amp#27;[0m&amp#27;[31m" and "&amp#27;[0m&amp#27;[31m&amp#27;[1m23-09-2022&amp#27;[0m&amp#27;[31m" from "&amp#27;[0m&amp#27;[31m&amp#27;[1mCoimbatore&amp#27;[0m&amp#27;[31m" to "&amp#27;[0m&amp#27;[31m&amp#27;[1mChennai&amp#27;[0m&amp#27;[31m" with class as "&amp#27;[0m&amp#27;[31m&amp#27;[1mBusiness&amp#27;[0m&amp#27;[31m" for "&amp#27;[0m&amp#27;[31m&amp#27;[1m2&amp#27;[0m&amp#27;[31m","&amp#27;[0m&amp#27;[31m&amp#27;[1m1&amp#27;[0m&amp#27;[31m","&amp#27;[0m&amp#27;[31m&amp#27;[1m1&amp#27;[0m&amp#27;[31m"&amp#27;[0m &amp#27;[90m# stepdefinition.FlightBookingStepDefinition.flightBookingTest(java.lang.String,java.lang.String,java.lang.String,java.lang.String,java.lang.String,java.lang.String,int,int,int)&amp#27;[0m
      &amp#27;[31mjava.lang.NullPointerException: Cannot invoke "String.contains(java.lang.CharSequence)" because the return value of "org.openqa.selenium.WebElement.getText()" is null
	at pageObjects.ibibopage.selectSourceDestinationCity(ibibopage.java:233)
	at stepdefinition.FlightBookingStepDefinition.flightBookingTest(FlightBookingStepDefinition.java:64)
	at âœ½.User provides details for "Round-trip" flight with "29-08-2022" and "23-09-2022" from "Coimbatore" to "Chennai" with class as "Business" for "2","1","1"(file:///C:/Users/anilc/selenium_training/CaseStudy2/src/test/java/features/FlightBooking.feature:28)
&amp#27;[0m
  &amp#27;[36mThen &amp#27;[0m&amp#27;[36mUser able to click on Search and get the list of flights available&amp#27;[0m                                                                                       &amp#27;[90m# stepdefinition.FlightBookingStepDefinition.searchflights()&amp#27;[0m
End of Test
      &amp#27;[31morg.openqa.selenium.NoSuchWindowException: no such window: target window already closed
from unknown error: web view not found
  (Session info: chrome=103.0.5060.134)
Build info: version: '3.5.3', revision: 'a88d25fe6b', time: '2017-08-29T12:42:44.417Z'
System info: host: 'DESKTOP-D5OBL1K', ip: '192.168.1.162', os.name: 'Windows 10', os.arch: 'amd64', os.version: '10.0', java.version: '17.0.1'
Driver info: org.openqa.selenium.chrome.ChromeDriver
Capabilities [{networkConnectionEnabled=false, chrome={chromedriverVersion=103.0.5060.53 (a1711811edd74ff1cf2150f36ffa3b0dae40b17f-refs/branch-heads/5060@{#853}), userDataDir=C:\Users\anilc\AppData\Local\Temp\scoped_dir3660_273416295}, timeouts={implicit=0, pageLoad=300000, script=30000}, pageLoadStrategy=normal, unhandledPromptBehavior=dismiss and notify, strictFileInteractability=false, platform=XP, proxy=Proxy(), goog:chromeOptions={debuggerAddress=localhost:57573}, webauthn:extension:credBlob=true, acceptInsecureCerts=false, browserVersion=103.0.5060.134, browserName=chrome, javascriptEnabled=true, platformName=XP, setWindowRect=true, webauthn:extension:largeBlob=true, webauthn:virtualAuthenticators=true}]
Session ID: fe7c7452470fda782001bddd4cd802b3
	at java.base/jdk.internal.reflect.NativeConstructorAccessorImpl.newInstance0(Native Method)
	at java.base/jdk.internal.reflect.NativeConstructorAccessorImpl.newInstance(NativeConstructorAccessorImpl.java:77)
	at java.base/jdk.internal.reflect.DelegatingConstructorAccessorImpl.newInstance(DelegatingConstructorAccessorImpl.java:45)
	at java.base/java.lang.reflect.Constructor.newInstanceWithCaller(Constructor.java:499)
	at java.base/java.lang.reflect.Constructor.newInstance(Constructor.java:480)
	at org.openqa.selenium.remote.http.W3CHttpResponseCodec.createException(W3CHttpResponseCodec.java:185)
	at org.openqa.selenium.remote.http.W3CHttpResponseCodec.decode(W3CHttpResponseCodec.java:120)
	at org.openqa.selenium.remote.http.W3CHttpResponseCodec.decode(W3CHttpResponseCodec.java:49)
	at org.openqa.selenium.remote.HttpCommandExecutor.execute(HttpCommandExecutor.java:164)
	at org.openqa.selenium.remote.service.DriverCommandExecutor.execute(DriverCommandExecutor.java:82)
	at org.openqa.selenium.remote.RemoteWebDriver.execute(RemoteWebDriver.java:646)
	at org.openqa.selenium.remote.RemoteWebDriver.execute(RemoteWebDriver.java:703)
	at org.openqa.selenium.remote.RemoteWebDriver.close(RemoteWebDriver.java:532)
	at commonutilities.BaseTest.closeAll(BaseTest.java:56)
	at stepdefinition.FlightBookingStepDefinition.cleanup(FlightBookingStepDefinition.java:92)
&amp#27;[0m
]]></system-out>
    <system-err><![CDATA[Starting ChromeDriver 103.0.5060.53 (a1711811edd74ff1cf2150f36ffa3b0dae40b17f-refs/branch-heads/5060@{#853}) on port 31201
Only local connections are allowed.
Please see https://chromedriver.chromium.org/security-considerations for suggestions on keeping ChromeDriver safe.
ChromeDriver was started successfully.
Aug 03, 2022 3:06:39 PM org.openqa.selenium.remote.ProtocolHandshake createSession
INFO: Detected dialect: W3C
log4j:ERROR Could not find value for key log4j.appender.CONSOLE
log4j:ERROR Could not instantiate appender named "CONSOLE".
Aug 03, 2022 3:06:42 PM org.openqa.selenium.remote.ErrorCodes toStatus
INFO: HTTP Status: '404' -> incorrect JSON status mapping for 'no such window' (400 expected)
]]></system-err>
  </testcase>
  <testcase name="runScenario" classname="runner.TestRunner" time="2.476">
    <failure message="unknown error: cannot determine loading status&#10;from disconnected: received Inspector.detached event&#10;  (Session info: chrome=103.0.5060.134)&#10;Build info: version: &apos;3.5.3&apos;, revision: &apos;a88d25fe6b&apos;, time: &apos;2017-08-29T12:42:44.417Z&apos;&#10;System info: host: &apos;DESKTOP-D5OBL1K&apos;, ip: &apos;192.168.1.162&apos;, os.name: &apos;Windows 10&apos;, os.arch: &apos;amd64&apos;, os.version: &apos;10.0&apos;, java.version: &apos;17.0.1&apos;&#10;Driver info: org.openqa.selenium.chrome.ChromeDriver&#10;Capabilities [{networkConnectionEnabled=false, chrome={chromedriverVersion=103.0.5060.53 (a1711811edd74ff1cf2150f36ffa3b0dae40b17f-refs/branch-heads/5060@{#853}), userDataDir=C:\Users\anilc\AppData\Local\Temp\scoped_dir23772_270764739}, timeouts={implicit=0, pageLoad=300000, script=30000}, pageLoadStrategy=normal, unhandledPromptBehavior=dismiss and notify, strictFileInteractability=false, platform=XP, proxy=Proxy(), goog:chromeOptions={debuggerAddress=localhost:57653}, webauthn:extension:credBlob=true, acceptInsecureCerts=false, browserVersion=103.0.5060.134, browserName=chrome, javascriptEnabled=true, platformName=XP, setWindowRect=true, webauthn:extension:largeBlob=true, webauthn:virtualAuthenticators=true}]&#10;Session ID: 2e949ac9bc5c5eba38660fa2db7aa5c1" type="org.openqa.selenium.WebDriverException">org.openqa.selenium.WebDriverException: 
unknown error: cannot determine loading status
from disconnected: received Inspector.detached event
  (Session info: chrome=103.0.5060.134)
Build info: version: '3.5.3', revision: 'a88d25fe6b', time: '2017-08-29T12:42:44.417Z'
System info: host: 'DESKTOP-D5OBL1K', ip: '192.168.1.162', os.name: 'Windows 10', os.arch: 'amd64', os.version: '10.0', java.version: '17.0.1'
Driver info: org.openqa.selenium.chrome.ChromeDriver
Capabilities [{networkConnectionEnabled=false, chrome={chromedriverVersion=103.0.5060.53 (a1711811edd74ff1cf2150f36ffa3b0dae40b17f-refs/branch-heads/5060@{#853}), userDataDir=C:\Users\anilc\AppData\Local\Temp\scoped_dir23772_270764739}, timeouts={implicit=0, pageLoad=300000, script=30000}, pageLoadStrategy=normal, unhandledPromptBehavior=dismiss and notify, strictFileInteractability=false, platform=XP, proxy=Proxy(), goog:chromeOptions={debuggerAddress=localhost:57653}, webauthn:extension:credBlob=true, acceptInsecureCerts=false, browserVersion=103.0.5060.134, browserName=chrome, javascriptEnabled=true, platformName=XP, setWindowRect=true, webauthn:extension:largeBlob=true, webauthn:virtualAuthenticators=true}]
Session ID: 2e949ac9bc5c5eba38660fa2db7aa5c1
</failure>
    <system-out><![CDATA[
Scenario Outline: Book one way flight for the user from Ahemdabad to Chennai                                                                                    &amp#27;[90m# src/test/java/features/FlightBooking.feature:35&amp#27;[0m
Start of the Test Suite
Start of Test
  &amp#27;[31mGiven &amp#27;[0m&amp#27;[31mUser launches website successfully for one way trip&amp#27;[0m                                                                                                     &amp#27;[90m# stepdefinition.FlightBookingStepDefinition.launchURL()&amp#27;[0m
      &amp#27;[31morg.openqa.selenium.WebDriverException: unknown error: cannot determine loading status
from disconnected: received Inspector.detached event
  (Session info: chrome=103.0.5060.134)
Build info: version: '3.5.3', revision: 'a88d25fe6b', time: '2017-08-29T12:42:44.417Z'
System info: host: 'DESKTOP-D5OBL1K', ip: '192.168.1.162', os.name: 'Windows 10', os.arch: 'amd64', os.version: '10.0', java.version: '17.0.1'
Driver info: org.openqa.selenium.chrome.ChromeDriver
Capabilities [{networkConnectionEnabled=false, chrome={chromedriverVersion=103.0.5060.53 (a1711811edd74ff1cf2150f36ffa3b0dae40b17f-refs/branch-heads/5060@{#853}), userDataDir=C:\Users\anilc\AppData\Local\Temp\scoped_dir23772_270764739}, timeouts={implicit=0, pageLoad=300000, script=30000}, pageLoadStrategy=normal, unhandledPromptBehavior=dismiss and notify, strictFileInteractability=false, platform=XP, proxy=Proxy(), goog:chromeOptions={debuggerAddress=localhost:57653}, webauthn:extension:credBlob=true, acceptInsecureCerts=false, browserVersion=103.0.5060.134, browserName=chrome, javascriptEnabled=true, platformName=XP, setWindowRect=true, webauthn:extension:largeBlob=true, webauthn:virtualAuthenticators=true}]
Session ID: 2e949ac9bc5c5eba38660fa2db7aa5c1
	at java.base/jdk.internal.reflect.NativeConstructorAccessorImpl.newInstance0(Native Method)
	at java.base/jdk.internal.reflect.NativeConstructorAccessorImpl.newInstance(NativeConstructorAccessorImpl.java:77)
	at java.base/jdk.internal.reflect.DelegatingConstructorAccessorImpl.newInstance(DelegatingConstructorAccessorImpl.java:45)
	at java.base/java.lang.reflect.Constructor.newInstanceWithCaller(Constructor.java:499)
	at java.base/java.lang.reflect.Constructor.newInstance(Constructor.java:480)
	at org.openqa.selenium.remote.http.W3CHttpResponseCodec.createException(W3CHttpResponseCodec.java:185)
	at org.openqa.selenium.remote.http.W3CHttpResponseCodec.decode(W3CHttpResponseCodec.java:120)
	at org.openqa.selenium.remote.http.W3CHttpResponseCodec.decode(W3CHttpResponseCodec.java:49)
	at org.openqa.selenium.remote.HttpCommandExecutor.execute(HttpCommandExecutor.java:164)
	at org.openqa.selenium.remote.service.DriverCommandExecutor.execute(DriverCommandExecutor.java:82)
	at org.openqa.selenium.remote.RemoteWebDriver.execute(RemoteWebDriver.java:646)
	at org.openqa.selenium.remote.RemoteWebDriver.get(RemoteWebDriver.java:370)
	at commonutilities.CommonMethods.launchPage(CommonMethods.java:142)
	at stepdefinition.FlightBookingStepDefinition.launchURL(FlightBookingStepDefinition.java:37)
	at âœ½.User launches website successfully for one way trip(file:///C:/Users/anilc/selenium_training/CaseStudy2/src/test/java/features/FlightBooking.feature:27)
&amp#27;[0m
  &amp#27;[36mWhen &amp#27;[0m&amp#27;[36mUser provides details for "&amp#27;[0m&amp#27;[36m&amp#27;[1mRound-trip&amp#27;[0m&amp#27;[36m" flight with "&amp#27;[0m&amp#27;[36m&amp#27;[1m06-08-2022&amp#27;[0m&amp#27;[36m" and "&amp#27;[0m&amp#27;[36m&amp#27;[1m02-09-2022&amp#27;[0m&amp#27;[36m" from "&amp#27;[0m&amp#27;[36m&amp#27;[1mCoimbatore&amp#27;[0m&amp#27;[36m" to "&amp#27;[0m&amp#27;[36m&amp#27;[1mChennai&amp#27;[0m&amp#27;[36m" with class as "&amp#27;[0m&amp#27;[36m&amp#27;[1mBusiness&amp#27;[0m&amp#27;[36m" for "&amp#27;[0m&amp#27;[36m&amp#27;[1m2&amp#27;[0m&amp#27;[36m","&amp#27;[0m&amp#27;[36m&amp#27;[1m1&amp#27;[0m&amp#27;[36m","&amp#27;[0m&amp#27;[36m&amp#27;[1m1&amp#27;[0m&amp#27;[36m"&amp#27;[0m &amp#27;[90m# stepdefinition.FlightBookingStepDefinition.flightBookingTest(java.lang.String,java.lang.String,java.lang.String,java.lang.String,java.lang.String,java.lang.String,int,int,int)&amp#27;[0m
  &amp#27;[36mThen &amp#27;[0m&amp#27;[36mUser able to click on Search and get the list of flights available&amp#27;[0m                                                                                       &amp#27;[90m# stepdefinition.FlightBookingStepDefinition.searchflights()&amp#27;[0m
End of Test
      &amp#27;[31morg.openqa.selenium.NoSuchWindowException: no such window: target window already closed
from unknown error: web view not found
  (Session info: chrome=103.0.5060.134)
Build info: version: '3.5.3', revision: 'a88d25fe6b', time: '2017-08-29T12:42:44.417Z'
System info: host: 'DESKTOP-D5OBL1K', ip: '192.168.1.162', os.name: 'Windows 10', os.arch: 'amd64', os.version: '10.0', java.version: '17.0.1'
Driver info: org.openqa.selenium.chrome.ChromeDriver
Capabilities [{networkConnectionEnabled=false, chrome={chromedriverVersion=103.0.5060.53 (a1711811edd74ff1cf2150f36ffa3b0dae40b17f-refs/branch-heads/5060@{#853}), userDataDir=C:\Users\anilc\AppData\Local\Temp\scoped_dir23772_270764739}, timeouts={implicit=0, pageLoad=300000, script=30000}, pageLoadStrategy=normal, unhandledPromptBehavior=dismiss and notify, strictFileInteractability=false, platform=XP, proxy=Proxy(), goog:chromeOptions={debuggerAddress=localhost:57653}, webauthn:extension:credBlob=true, acceptInsecureCerts=false, browserVersion=103.0.5060.134, browserName=chrome, javascriptEnabled=true, platformName=XP, setWindowRect=true, webauthn:extension:largeBlob=true, webauthn:virtualAuthenticators=true}]
Session ID: 2e949ac9bc5c5eba38660fa2db7aa5c1
	at java.base/jdk.internal.reflect.NativeConstructorAccessorImpl.newInstance0(Native Method)
	at java.base/jdk.internal.reflect.NativeConstructorAccessorImpl.newInstance(NativeConstructorAccessorImpl.java:77)
	at java.base/jdk.internal.reflect.DelegatingConstructorAccessorImpl.newInstance(DelegatingConstructorAccessorImpl.java:45)
	at java.base/java.lang.reflect.Constructor.newInstanceWithCaller(Constructor.java:499)
	at java.base/java.lang.reflect.Constructor.newInstance(Constructor.java:480)
	at org.openqa.selenium.remote.http.W3CHttpResponseCodec.createException(W3CHttpResponseCodec.java:185)
	at org.openqa.selenium.remote.http.W3CHttpResponseCodec.decode(W3CHttpResponseCodec.java:120)
	at org.openqa.selenium.remote.http.W3CHttpResponseCodec.decode(W3CHttpResponseCodec.java:49)
	at org.openqa.selenium.remote.HttpCommandExecutor.execute(HttpCommandExecutor.java:164)
	at org.openqa.selenium.remote.service.DriverCommandExecutor.execute(DriverCommandExecutor.java:82)
	at org.openqa.selenium.remote.RemoteWebDriver.execute(RemoteWebDriver.java:646)
	at org.openqa.selenium.remote.RemoteWebDriver.execute(RemoteWebDriver.java:703)
	at org.openqa.selenium.remote.RemoteWebDriver.close(RemoteWebDriver.java:532)
	at commonutilities.BaseTest.closeAll(BaseTest.java:56)
	at stepdefinition.FlightBookingStepDefinition.cleanup(FlightBookingStepDefinition.java:92)
&amp#27;[0m
]]></system-out>
    <system-err><![CDATA[Starting ChromeDriver 103.0.5060.53 (a1711811edd74ff1cf2150f36ffa3b0dae40b17f-refs/branch-heads/5060@{#853}) on port 39942
Only local connections are allowed.
Please see https://chromedriver.chromium.org/security-considerations for suggestions on keeping ChromeDriver safe.
ChromeDriver was started successfully.
Aug 03, 2022 3:06:43 PM org.openqa.selenium.remote.ProtocolHandshake createSession
INFO: Detected dialect: W3C
log4j:ERROR Could not find value for key log4j.appender.CONSOLE
log4j:ERROR Could not instantiate appender named "CONSOLE".
Aug 03, 2022 3:06:44 PM org.openqa.selenium.remote.ErrorCodes toStatus
INFO: HTTP Status: '404' -> incorrect JSON status mapping for 'no such window' (400 expected)
]]></system-err>
  </testcase>
</testsuite>