<?xml version="1.0" encoding="UTF-8"?>
<testng-results ignored="0" total="4" passed="3" failed="1" skipped="0">
  <reporter-output>
  </reporter-output>
  <suite started-at="2022-08-03T14:27:54 IST" name="Suite" finished-at="2022-08-03T14:28:55 IST" duration-ms="60253">
    <groups>
      <group name="cucumber">
        <method signature="AbstractTestNGCucumberTests.runScenario(io.cucumber.testng.PickleWrapper,io.cucumber.testng.FeatureWrapper)[pri:0, instance:runner.TestRunner@707194ba]" name="runScenario" class="io.cucumber.testng.AbstractTestNGCucumberTests"/>
      </group> <!-- cucumber -->
    </groups>
    <test started-at="2022-08-03T14:27:54 IST" name="Firsttest" finished-at="2022-08-03T14:28:55 IST" duration-ms="60253">
      <class name="runner.TestRunner">
        <test-method is-config="true" signature="setUpClass(org.testng.ITestContext)[pri:0, instance:runner.TestRunner@707194ba]" started-at="2022-08-03T14:27:54 IST" name="setUpClass" finished-at="2022-08-03T14:27:55 IST" duration-ms="599" status="PASS">
          <params>
            <param index="0">
              <value>
                <![CDATA[org.testng.TestRunner@35d60381]]>
              </value>
            </param>
          </params>
          <reporter-output>
          </reporter-output>
        </test-method> <!-- setUpClass -->
        <test-method signature="runScenario(io.cucumber.testng.PickleWrapper,io.cucumber.testng.FeatureWrapper)[pri:0, instance:runner.TestRunner@707194ba]" started-at="2022-08-03T14:27:55 IST" name="runScenario" description="Runs Cucumber Scenarios" data-provider="scenarios" finished-at="2022-08-03T14:28:07 IST" duration-ms="11771" status="FAIL">
          <params>
            <param index="0">
              <value>
                <![CDATA["Book one way flight for the user from Ahemdabad to Chennai"]]>
              </value>
            </param>
            <param index="1">
              <value>
                <![CDATA["Flight Booking functionality of ibibo website"]]>
              </value>
            </param>
          </params>
          <exception class="org.openqa.selenium.NoSuchElementException">
            <message>
              <![CDATA[no such element: Unable to locate element: {"method":"xpath","selector":"//div/span[@class='DayPicker-NavButton DayPicker-NavButton--next']"}
  (Session info: chrome=103.0.5060.134)
For documentation on this error, please visit: http://seleniumhq.org/exceptions/no_such_element.html
Build info: version: '3.5.3', revision: 'a88d25fe6b', time: '2017-08-29T12:42:44.417Z'
System info: host: 'DESKTOP-D5OBL1K', ip: '192.168.1.162', os.name: 'Windows 10', os.arch: 'amd64', os.version: '10.0', java.version: '17.0.1'
Driver info: org.openqa.selenium.chrome.ChromeDriver
Capabilities [{networkConnectionEnabled=false, chrome={chromedriverVersion=103.0.5060.53 (a1711811edd74ff1cf2150f36ffa3b0dae40b17f-refs/branch-heads/5060@{#853}), userDataDir=C:\Users\anilc\AppData\Local\Temp\scoped_dir1532_2113425991}, timeouts={implicit=0, pageLoad=300000, script=30000}, pageLoadStrategy=normal, unhandledPromptBehavior=dismiss and notify, strictFileInteractability=false, platform=XP, proxy=Proxy(), goog:chromeOptions={debuggerAddress=localhost:55082}, webauthn:extension:credBlob=true, acceptInsecureCerts=false, browserVersion=103.0.5060.134, browserName=chrome, javascriptEnabled=true, platformName=XP, setWindowRect=true, webauthn:extension:largeBlob=true, webauthn:virtualAuthenticators=true}]
Session ID: 26115c255d37ed3f9b2f5136d5d87a77
*** Element info: {Using=xpath, value=//div/span[@class='DayPicker-NavButton DayPicker-NavButton--next']}]]>
            </message>
            <full-stacktrace>
              <![CDATA[org.openqa.selenium.NoSuchElementException: no such element: Unable to locate element: {"method":"xpath","selector":"//div/span[@class='DayPicker-NavButton DayPicker-NavButton--next']"}
  (Session info: chrome=103.0.5060.134)
For documentation on this error, please visit: http://seleniumhq.org/exceptions/no_such_element.html
Build info: version: '3.5.3', revision: 'a88d25fe6b', time: '2017-08-29T12:42:44.417Z'
System info: host: 'DESKTOP-D5OBL1K', ip: '192.168.1.162', os.name: 'Windows 10', os.arch: 'amd64', os.version: '10.0', java.version: '17.0.1'
Driver info: org.openqa.selenium.chrome.ChromeDriver
Capabilities [{networkConnectionEnabled=false, chrome={chromedriverVersion=103.0.5060.53 (a1711811edd74ff1cf2150f36ffa3b0dae40b17f-refs/branch-heads/5060@{#853}), userDataDir=C:\Users\anilc\AppData\Local\Temp\scoped_dir1532_2113425991}, timeouts={implicit=0, pageLoad=300000, script=30000}, pageLoadStrategy=normal, unhandledPromptBehavior=dismiss and notify, strictFileInteractability=false, platform=XP, proxy=Proxy(), goog:chromeOptions={debuggerAddress=localhost:55082}, webauthn:extension:credBlob=true, acceptInsecureCerts=false, browserVersion=103.0.5060.134, browserName=chrome, javascriptEnabled=true, platformName=XP, setWindowRect=true, webauthn:extension:largeBlob=true, webauthn:virtualAuthenticators=true}]
Session ID: 26115c255d37ed3f9b2f5136d5d87a77
*** Element info: {Using=xpath, value=//div/span[@class='DayPicker-NavButton DayPicker-NavButton--next']}
at java.base/jdk.internal.reflect.NativeConstructorAccessorImpl.newInstance0(Native Method)
at java.base/jdk.internal.reflect.NativeConstructorAccessorImpl.newInstance(NativeConstructorAccessorImpl.java:77)
at java.base/jdk.internal.reflect.DelegatingConstructorAccessorImpl.newInstance(DelegatingConstructorAccessorImpl.java:45)
at java.base/java.lang.reflect.Constructor.newInstanceWithCaller(Constructor.java:499)
at java.base/java.lang.reflect.Constructor.newInstance(Constructor.java:480)
at org.openqa.selenium.remote.http.W3CHttpResponseCodec.createException(W3CHttpResponseCodec.java:185)
at org.openqa.selenium.remote.http.W3CHttpResponseCodec.decode(W3CHttpResponseCodec.java:120)
at org.openqa.selenium.remote.http.W3CHttpResponseCodec.decode(W3CHttpResponseCodec.java:49)
at org.openqa.selenium.remote.HttpCommandExecutor.execute(HttpCommandExecutor.java:164)
at org.openqa.selenium.remote.service.DriverCommandExecutor.execute(DriverCommandExecutor.java:82)
at org.openqa.selenium.remote.RemoteWebDriver.execute(RemoteWebDriver.java:646)
at org.openqa.selenium.remote.RemoteWebDriver.findElement(RemoteWebDriver.java:416)
at org.openqa.selenium.remote.RemoteWebDriver.findElementByXPath(RemoteWebDriver.java:518)
at org.openqa.selenium.By$ByXPath.findElement(By.java:361)
at org.openqa.selenium.remote.RemoteWebDriver.findElement(RemoteWebDriver.java:408)
at org.openqa.selenium.support.pagefactory.DefaultElementLocator.findElement(DefaultElementLocator.java:69)
at org.openqa.selenium.support.pagefactory.internal.LocatingElementHandler.invoke(LocatingElementHandler.java:38)
at jdk.proxy2/jdk.proxy2.$Proxy29.click(Unknown Source)
at pageObjects.ibibopage.selectDateFromCalender(ibibopage.java:326)
at pageObjects.ibibopage.selectdates(ibibopage.java:225)
at stepdefinition.FlightBookingStepDefinition.flightBookingTest(FlightBookingStepDefinition.java:51)
at ✽.All the information entered by the User for one-way flight are proper(file:///C:/Users/anilc/selenium_training/CaseStudy2/src/test/java/features/FlightBooking.feature:23)
]]>
            </full-stacktrace>
          </exception> <!-- org.openqa.selenium.NoSuchElementException -->
          <reporter-output>
          </reporter-output>
        </test-method> <!-- runScenario -->
        <test-method signature="runScenario(io.cucumber.testng.PickleWrapper,io.cucumber.testng.FeatureWrapper)[pri:0, instance:runner.TestRunner@707194ba]" started-at="2022-08-03T14:28:07 IST" name="runScenario" description="Runs Cucumber Scenarios" data-provider="scenarios" finished-at="2022-08-03T14:28:22 IST" duration-ms="15331" status="PASS">
          <params>
            <param index="0">
              <value>
                <![CDATA["Book one way flight for the user from Ahemdabad to Chennai"]]>
              </value>
            </param>
            <param index="1">
              <value>
                <![CDATA["Flight Booking functionality of ibibo website"]]>
              </value>
            </param>
          </params>
          <reporter-output>
          </reporter-output>
        </test-method> <!-- runScenario -->
        <test-method signature="runScenario(io.cucumber.testng.PickleWrapper,io.cucumber.testng.FeatureWrapper)[pri:0, instance:runner.TestRunner@707194ba]" started-at="2022-08-03T14:28:22 IST" name="runScenario" description="Runs Cucumber Scenarios" data-provider="scenarios" finished-at="2022-08-03T14:28:38 IST" duration-ms="15877" status="PASS">
          <params>
            <param index="0">
              <value>
                <![CDATA["Book one way flight for the user from Ahemdabad to Chennai"]]>
              </value>
            </param>
            <param index="1">
              <value>
                <![CDATA["Flight Booking functionality of ibibo website"]]>
              </value>
            </param>
          </params>
          <reporter-output>
          </reporter-output>
        </test-method> <!-- runScenario -->
        <test-method signature="runScenario(io.cucumber.testng.PickleWrapper,io.cucumber.testng.FeatureWrapper)[pri:0, instance:runner.TestRunner@707194ba]" started-at="2022-08-03T14:28:38 IST" name="runScenario" description="Runs Cucumber Scenarios" data-provider="scenarios" finished-at="2022-08-03T14:28:54 IST" duration-ms="16517" status="PASS">
          <params>
            <param index="0">
              <value>
                <![CDATA["Book one way flight for the user from Ahemdabad to Chennai"]]>
              </value>
            </param>
            <param index="1">
              <value>
                <![CDATA["Flight Booking functionality of ibibo website"]]>
              </value>
            </param>
          </params>
          <reporter-output>
          </reporter-output>
        </test-method> <!-- runScenario -->
        <test-method is-config="true" signature="tearDownClass()[pri:0, instance:runner.TestRunner@707194ba]" started-at="2022-08-03T14:28:54 IST" name="tearDownClass" finished-at="2022-08-03T14:28:55 IST" duration-ms="119" status="PASS">
          <reporter-output>
          </reporter-output>
        </test-method> <!-- tearDownClass -->
      </class> <!-- runner.TestRunner -->
    </test> <!-- Firsttest -->
  </suite> <!-- Suite -->
</testng-results>
